<?xml version="1.0" encoding="UTF-8"?>
<testng-results ignored="0" total="3" passed="3" failed="0" skipped="0">
  <reporter-output>
  </reporter-output>
  <suite started-at="2022-11-27T20:08:21 IST" name="SuiteFrames" finished-at="2022-11-27T20:08:28 IST" duration-ms="6611">
    <groups>
    </groups>
    <test started-at="2022-11-27T20:08:21 IST" name="TestFrames" finished-at="2022-11-27T20:08:28 IST" duration-ms="6611">
      <class name="testng.TestFrames">
        <test-method is-config="true" signature="beforeClass()[pri:0, instance:testng.TestFrames@7880cdf3]" started-at="2022-11-27T20:08:21 IST" name="beforeClass" finished-at="2022-11-27T20:08:24 IST" duration-ms="2350" status="PASS">
          <reporter-output>
          </reporter-output>
        </test-method> <!-- beforeClass -->
        <test-method signature="TestLaunchFrames()[pri:1, instance:testng.TestFrames@7880cdf3]" started-at="2022-11-27T20:08:24 IST" name="TestLaunchFrames" finished-at="2022-11-27T20:08:24 IST" duration-ms="487" status="PASS">
          <reporter-output>
          </reporter-output>
        </test-method> <!-- TestLaunchFrames -->
        <test-method signature="TestFramesinPage()[pri:2, instance:testng.TestFrames@7880cdf3]" started-at="2022-11-27T20:08:24 IST" name="TestFramesinPage" finished-at="2022-11-27T20:08:24 IST" depends-on-methods="testng.TestFrames.TestLaunchFrames" duration-ms="39" status="PASS">
          <reporter-output>
          </reporter-output>
        </test-method> <!-- TestFramesinPage -->
        <test-method signature="TestFrameNavigation()[pri:3, instance:testng.TestFrames@7880cdf3]" started-at="2022-11-27T20:08:24 IST" name="TestFrameNavigation" finished-at="2022-11-27T20:08:27 IST" depends-on-methods="testng.TestFrames.TestFramesinPage" duration-ms="3113" status="PASS">
          <reporter-output>
          </reporter-output>
        </test-method> <!-- TestFrameNavigation -->
        <test-method is-config="true" signature="afterClass()[pri:0, instance:testng.TestFrames@7880cdf3]" started-at="2022-11-27T20:08:27 IST" name="afterClass" finished-at="2022-11-27T20:08:28 IST" duration-ms="596" status="PASS">
          <reporter-output>
          </reporter-output>
        </test-method> <!-- afterClass -->
      </class> <!-- testng.TestFrames -->
    </test> <!-- TestFrames -->
  </suite> <!-- SuiteFrames -->
</testng-results>
