<?xml version="1.0" encoding="UTF-8"?>
<!-- Generated by org.testng.reporters.JUnitXMLReporter -->
<testsuite ignored="0" hostname="LAPTOP-B4QKG7NC" failures="0" tests="3" name="TestFrames" time="6.611" errors="0" timestamp="2022-11-27T20:08:28 IST">
  <testcase classname="testng.TestFrames" name="TestLaunchFrames" time="0.487"/>
  <testcase classname="testng.TestFrames" name="TestFramesinPage" time="0.039"/>
  <testcase classname="testng.TestFrames" name="TestFrameNavigation" time="3.113"/>
</testsuite> <!-- TestFrames -->
