<?xml version="1.0" encoding="UTF-8"?>
<!-- Generated by org.testng.reporters.JUnitXMLReporter -->
<testsuite ignored="0" hostname="LAPTOP-B4QKG7NC" failures="0" tests="3" name="Default test" time="7.689" errors="0" timestamp="2022-11-27T20:03:29 IST">
  <testcase classname="testng.TestFrames" name="TestLaunchFrames" time="0.98"/>
  <testcase classname="testng.TestFrames" name="TestFramesinPage" time="0.055"/>
  <testcase classname="testng.TestFrames" name="TestFrameNavigation" time="3.355"/>
</testsuite> <!-- Default test -->
